2022.12.02 15:47:27 INFO  tracing is disabled for protocol LSP, to enable tracing of incoming and outgoing JSON messages create an empty file at c:\Users\ASUS\Desktop\Eshqin_Hasanov_lab11\.metals\lsp.trace.json or C:\Users\ASUS\AppData\Local\scalameta\metals\cache\lsp.trace.json
2022.12.02 15:47:28 INFO  logging to file C:\Users\ASUS\Desktop\Eshqin_Hasanov_lab11\.metals\metals.log
2022.12.02 15:47:28 INFO  Started: Metals version 0.11.9 in workspace 'C:\Users\ASUS\Desktop\Eshqin_Hasanov_lab11' for client Visual Studio Code 1.73.1.
2022.12.02 15:47:30 INFO  time: initialize in 1.49s
2022.12.02 15:47:32 WARN  Build server is not auto-connectable.
2022.12.02 15:47:32 WARN  no build target for: C:\Users\ASUS\Desktop\Eshqin_Hasanov_lab11\register_test.scala
2022.12.02 15:47:37 INFO  no build target found for C:\Users\ASUS\Desktop\Eshqin_Hasanov_lab11\register_test.scala. Using presentation compiler with project's scala-library version: 3.2.0
Dec 02, 2022 3:47:37 PM org.eclipse.lsp4j.jsonrpc.RemoteEndpoint handleCancellation
WARNING: Unmatched cancel notification for request id 1
2022.12.02 15:47:37 WARN  no build target for: C:\Users\ASUS\Desktop\Eshqin_Hasanov_lab11\register_test.scala
Dec 02, 2022 3:47:37 PM org.eclipse.lsp4j.jsonrpc.RemoteEndpoint handleCancellation
WARNING: Unmatched cancel notification for request id 3
Dec 02, 2022 3:47:37 PM org.eclipse.lsp4j.jsonrpc.RemoteEndpoint handleCancellation
WARNING: Unmatched cancel notification for request id 2
Dec 02, 2022 3:47:37 PM org.eclipse.lsp4j.jsonrpc.RemoteEndpoint handleCancellation
WARNING: Unmatched cancel notification for request id 7
Dec 02, 2022 3:47:37 PM org.eclipse.lsp4j.jsonrpc.RemoteEndpoint handleCancellation
WARNING: Unmatched cancel notification for request id 8
Dec 02, 2022 3:47:37 PM org.eclipse.lsp4j.jsonrpc.RemoteEndpoint handleCancellation
WARNING: Unmatched cancel notification for request id 14
Dec 02, 2022 3:47:37 PM org.eclipse.lsp4j.jsonrpc.RemoteEndpoint handleCancellation
WARNING: Unmatched cancel notification for request id 5
2022.12.02 15:47:37 WARN  no build target for: C:\Users\ASUS\Desktop\Eshqin_Hasanov_lab11\register_test.scala
2022.12.02 15:47:37 WARN  no build target for: C:\Users\ASUS\Desktop\Eshqin_Hasanov_lab11\register_test.scala
2022.12.02 15:47:38 INFO  shutting down Metals
2022.12.02 15:47:40 ERROR Unexpected error initializing serverorg.eclipse.lsp4j.jsonrpc.ResponseErrorException: Request window/showMessageRequest failed with message: Canceled
	at org.eclipse.lsp4j.jsonrpc.RemoteEndpoint.handleResponse(RemoteEndpoint.java:209)
	at org.eclipse.lsp4j.jsonrpc.RemoteEndpoint.consume(RemoteEndpoint.java:193)
	at org.eclipse.lsp4j.jsonrpc.json.StreamMessageProducer.handleMessage(StreamMessageProducer.java:194)
	at org.eclipse.lsp4j.jsonrpc.json.StreamMessageProducer.listen(StreamMessageProducer.java:94)
	at org.eclipse.lsp4j.jsonrpc.json.ConcurrentMessageProcessor.run(ConcurrentMessageProcessor.java:113)
	at java.util.concurrent.Executors$RunnableAdapter.call(Executors.java:515)
	at java.util.concurrent.FutureTask.run(FutureTask.java:264)
	at java.util.concurrent.ThreadPoolExecutor.runWorker(ThreadPoolExecutor.java:1130)
	at java.util.concurrent.ThreadPoolExecutor$Worker.run(ThreadPoolExecutor.java:630)
	at java.lang.Thread.run(Thread.java:832)

